{"/Users/jackson/solid-notification-client/packages/discovery/src/getDescribedByUri.ts": {"path":"/Users/jackson/solid-notification-client/packages/discovery/src/getDescribedByUri.ts","statementMap":{"0":{"start":{"line":5,"column":23},"end":{"line":5,"column":75}},"1":{"start":{"line":6,"column":2},"end":{"line":6,"column":36}},"2":{"start":{"line":7,"column":2},"end":{"line":7,"column":16}},"3":{"start":{"line":1,"column":0},"end":{"line":1,"column":22}}},"fnMap":{"0":{"name":"getDescribedByUri","decl":{"start":{"line":1,"column":22},"end":{"line":1,"column":39}},"loc":{"start":{"line":3,"column":34},"end":{"line":8,"column":null}}}},"branchMap":{},"s":{"0":1,"1":1,"2":1,"3":1},"f":{"0":1},"b":{}}
}
